<?xml version="1.0" encoding="UTF-8"?>
<testng-results ignored="0" total="1" passed="1" failed="0" skipped="0">
  <reporter-output>
  </reporter-output>
  <suite started-at="2024-03-01T14:51:51 IST" name="Default suite" finished-at="2024-03-01T14:52:04 IST" duration-ms="12922">
    <groups>
    </groups>
    <test started-at="2024-03-01T14:51:51 IST" name="Default test" finished-at="2024-03-01T14:52:04 IST" duration-ms="12922">
      <class name="testCases.LoginTestcase">
        <test-method is-config="true" signature="setUp()[pri:0, instance:testCases.LoginTestcase@2f4948e4]" started-at="2024-03-01T14:51:51 IST" name="setUp" finished-at="2024-03-01T14:51:55 IST" duration-ms="3853" status="PASS">
          <reporter-output>
          </reporter-output>
        </test-method> <!-- setUp -->
        <test-method signature="logIn()[pri:3, instance:testCases.LoginTestcase@2f4948e4]" started-at="2024-03-01T14:51:55 IST" name="logIn" finished-at="2024-03-01T14:52:04 IST" duration-ms="8986" status="PASS">
          <reporter-output>
          </reporter-output>
        </test-method> <!-- logIn -->
      </class> <!-- testCases.LoginTestcase -->
    </test> <!-- Default test -->
  </suite> <!-- Default suite -->
</testng-results>
