<?xml version="1.0" encoding="UTF-8"?>
<testng-results ignored="0" total="1" passed="1" failed="0" skipped="0">
  <reporter-output>
  </reporter-output>
  <suite started-at="2024-03-05T10:17:41 IST" name="Default suite" finished-at="2024-03-05T10:17:56 IST" duration-ms="15067">
    <groups>
    </groups>
    <test started-at="2024-03-05T10:17:41 IST" name="Default test" finished-at="2024-03-05T10:17:56 IST" duration-ms="15067">
      <class name="testCases.LoginTestCase">
        <test-method is-config="true" signature="setUP()[pri:0, instance:testCases.LoginTestCase@2f4948e4]" started-at="2024-03-05T10:17:41 IST" name="setUP" finished-at="2024-03-05T10:17:44 IST" duration-ms="3872" status="PASS">
          <reporter-output>
          </reporter-output>
        </test-method> <!-- setUP -->
        <test-method signature="login()[pri:1, instance:testCases.LoginTestCase@2f4948e4]" started-at="2024-03-05T10:17:45 IST" name="login" finished-at="2024-03-05T10:17:56 IST" duration-ms="11109" status="PASS">
          <reporter-output>
          </reporter-output>
        </test-method> <!-- login -->
      </class> <!-- testCases.LoginTestCase -->
    </test> <!-- Default test -->
  </suite> <!-- Default suite -->
</testng-results>
